2026-04-09 11:44:48,264 INFO {'event': 'register_success', 'user_id': 1, 'username': 'testuser'}
2026-04-09 11:44:48,521 INFO {'event': 'register_success', 'user_id': 1, 'username': 'testuser'}
2026-04-09 11:44:48,573 INFO {'event': 'single_prediction', 'user_id': 1, 'prediction': 'At Risk', 'confidence': 69.0}
2026-04-09 11:44:48,770 INFO {'event': 'register_success', 'user_id': 1, 'username': 'testuser'}
2026-04-09 11:44:48,973 INFO {'event': 'register_success', 'user_id': 1, 'username': 'testuser'}
2026-04-09 11:44:49,185 INFO {'event': 'register_success', 'user_id': 1, 'username': 'testuser'}
2026-04-09 11:44:49,402 INFO {'event': 'register_success', 'user_id': 1, 'username': 'alice'}
2026-04-09 11:44:49,413 INFO {'event': 'logout', 'user_id': 1}
2026-04-09 11:44:49,767 INFO {'event': 'register_success', 'user_id': 1, 'username': 'bob'}
2026-04-09 11:44:49,785 INFO {'event': 'logout', 'user_id': 1}
2026-04-09 11:44:50,167 INFO {'event': 'register_success', 'user_id': 1, 'username': 'testuser'}
2026-04-09 11:44:50,223 INFO {'event': 'single_prediction', 'user_id': 1, 'prediction': 'Pass', 'confidence': 100.0}
2026-04-09 11:44:50,519 INFO {'event': 'register_success', 'user_id': 1, 'username': 'testuser'}
2026-04-09 11:44:50,734 INFO {'event': 'register_success', 'user_id': 1, 'username': 'adminuser'}
2026-04-09 11:44:50,973 INFO {'event': 'register_success', 'user_id': 1, 'username': 'apikeyuser'}
2026-04-09 11:44:51,022 INFO {'event': 'api_prediction', 'user_id': 1, 'prediction': 'At Risk', 'confidence': 69.0}
2026-04-09 12:02:59,795 INFO {'event': 'logout', 'user_id': 1}
2026-04-09 12:03:15,836 INFO {'event': 'login_success', 'user_id': 1, 'username': 'Melvin'}
2026-04-09 12:03:53,171 INFO {'event': 'single_prediction', 'user_id': 1, 'prediction': 'At Risk', 'confidence': 58.0}
2026-04-09 12:24:51,822 INFO {'event': 'register_success', 'user_id': 1, 'username': 'testuser'}
2026-04-09 12:24:52,077 INFO {'event': 'register_success', 'user_id': 1, 'username': 'testuser'}
2026-04-09 12:24:52,139 INFO {'event': 'single_prediction', 'user_id': 1, 'prediction': 'At Risk', 'confidence': 69.0}
2026-04-09 12:24:52,336 INFO {'event': 'register_success', 'user_id': 1, 'username': 'testuser'}
2026-04-09 12:24:52,531 INFO {'event': 'register_success', 'user_id': 1, 'username': 'testuser'}
2026-04-09 12:24:52,723 INFO {'event': 'register_success', 'user_id': 1, 'username': 'testuser'}
2026-04-09 12:24:52,935 INFO {'event': 'register_success', 'user_id': 1, 'username': 'alice'}
2026-04-09 12:24:52,949 INFO {'event': 'logout', 'user_id': 1}
2026-04-09 12:24:53,303 INFO {'event': 'register_success', 'user_id': 1, 'username': 'bob'}
2026-04-09 12:24:53,329 INFO {'event': 'logout', 'user_id': 1}
2026-04-09 12:24:53,679 INFO {'event': 'register_success', 'user_id': 1, 'username': 'testuser'}
2026-04-09 12:24:53,731 INFO {'event': 'single_prediction', 'user_id': 1, 'prediction': 'Pass', 'confidence': 100.0}
2026-04-09 12:24:54,004 INFO {'event': 'register_success', 'user_id': 1, 'username': 'testuser'}
2026-04-09 12:24:54,209 INFO {'event': 'register_success', 'user_id': 1, 'username': 'adminuser'}
2026-04-09 12:24:54,469 INFO {'event': 'register_success', 'user_id': 1, 'username': 'apikeyuser'}
2026-04-09 12:24:54,513 INFO {'event': 'api_prediction', 'user_id': 1, 'prediction': 'At Risk', 'confidence': 69.0}
2026-04-09 12:32:33,396 INFO {'event': 'single_prediction', 'user_id': 1, 'prediction': 'At Risk', 'confidence': 74.0}
2026-04-09 12:33:38,607 INFO {'event': 'single_prediction', 'user_id': 1, 'prediction': 'At Risk', 'confidence': 89.0}
2026-04-09 12:34:04,114 INFO {'event': 'single_prediction', 'user_id': 1, 'prediction': 'At Risk', 'confidence': 89.0}
2026-04-09 12:35:14,031 INFO {'event': 'single_prediction', 'user_id': 1, 'prediction': 'Pass', 'confidence': 85.0}
2026-04-09 12:40:08,087 INFO {'event': 'register_success', 'user_id': 1, 'username': 'testuser'}
2026-04-09 12:40:08,295 INFO {'event': 'register_success', 'user_id': 1, 'username': 'testuser'}
2026-04-09 12:40:08,350 INFO {'event': 'single_prediction', 'user_id': 1, 'prediction': 'At Risk', 'confidence': 69.0}
2026-04-09 12:40:08,515 INFO {'event': 'register_success', 'user_id': 1, 'username': 'testuser'}
2026-04-09 12:40:08,694 INFO {'event': 'register_success', 'user_id': 1, 'username': 'testuser'}
2026-04-09 12:40:08,864 INFO {'event': 'register_success', 'user_id': 1, 'username': 'testuser'}
2026-04-09 12:40:09,044 INFO {'event': 'register_success', 'user_id': 1, 'username': 'alice'}
2026-04-09 12:40:09,059 INFO {'event': 'logout', 'user_id': 1}
2026-04-09 12:40:09,384 INFO {'event': 'register_success', 'user_id': 1, 'username': 'bob'}
2026-04-09 12:40:09,409 INFO {'event': 'logout', 'user_id': 1}
2026-04-09 12:40:09,715 INFO {'event': 'register_success', 'user_id': 1, 'username': 'plainuser'}
2026-04-09 12:40:09,726 INFO {'event': 'logout', 'user_id': 1}
2026-04-09 12:40:09,889 INFO {'event': 'login_success', 'user_id': 1, 'username': 'plainuser'}
2026-04-09 12:40:10,478 INFO {'event': 'register_success', 'user_id': 1, 'username': 'testuser'}
2026-04-09 12:40:10,530 INFO {'event': 'single_prediction', 'user_id': 1, 'prediction': 'Pass', 'confidence': 100.0}
2026-04-09 12:40:10,775 INFO {'event': 'register_success', 'user_id': 1, 'username': 'testuser'}
2026-04-09 12:40:11,003 INFO {'event': 'register_success', 'user_id': 1, 'username': 'adminuser'}
2026-04-09 12:40:11,325 INFO {'event': 'register_success', 'user_id': 1, 'username': 'apikeyuser'}
2026-04-09 12:40:11,355 INFO {'event': 'api_prediction', 'user_id': 1, 'prediction': 'At Risk', 'confidence': 69.0}
2026-04-09 12:40:32,574 INFO {'event': 'register_success', 'user_id': 1, 'username': 'testuser'}
2026-04-09 12:40:32,776 INFO {'event': 'register_success', 'user_id': 1, 'username': 'testuser'}
2026-04-09 12:40:32,841 INFO {'event': 'single_prediction', 'user_id': 1, 'prediction': 'At Risk', 'confidence': 69.0}
2026-04-09 12:40:33,007 INFO {'event': 'register_success', 'user_id': 1, 'username': 'testuser'}
2026-04-09 12:40:33,190 INFO {'event': 'register_success', 'user_id': 1, 'username': 'testuser'}
2026-04-09 12:40:33,375 INFO {'event': 'register_success', 'user_id': 1, 'username': 'testuser'}
2026-04-09 12:40:33,559 INFO {'event': 'register_success', 'user_id': 1, 'username': 'alice'}
2026-04-09 12:40:33,568 INFO {'event': 'logout', 'user_id': 1}
2026-04-09 12:40:33,894 INFO {'event': 'register_success', 'user_id': 1, 'username': 'bob'}
2026-04-09 12:40:33,915 INFO {'event': 'logout', 'user_id': 1}
2026-04-09 12:40:34,217 INFO {'event': 'register_success', 'user_id': 1, 'username': 'bootstrapadmin'}
2026-04-09 12:40:34,225 INFO {'event': 'logout', 'user_id': 1}
2026-04-09 12:40:34,377 INFO {'event': 'register_success', 'user_id': 2, 'username': 'plainuser'}
2026-04-09 12:40:34,384 INFO {'event': 'logout', 'user_id': 2}
2026-04-09 12:40:34,710 INFO {'event': 'register_success', 'user_id': 1, 'username': 'testuser'}
2026-04-09 12:40:34,759 INFO {'event': 'single_prediction', 'user_id': 1, 'prediction': 'Pass', 'confidence': 100.0}
2026-04-09 12:40:34,997 INFO {'event': 'register_success', 'user_id': 1, 'username': 'testuser'}
2026-04-09 12:40:35,175 INFO {'event': 'register_success', 'user_id': 1, 'username': 'adminuser'}
2026-04-09 12:40:35,380 INFO {'event': 'register_success', 'user_id': 1, 'username': 'apikeyuser'}
2026-04-09 12:40:35,407 INFO {'event': 'api_prediction', 'user_id': 1, 'prediction': 'At Risk', 'confidence': 69.0}
2026-04-09 12:45:32,274 INFO {'event': 'login_success', 'user_id': 5, 'username': 'Melvoh'}
2026-04-09 12:46:16,531 INFO {'event': 'admin_toggle_role', 'actor': 1, 'target': 5, 'is_admin': 1}
2026-04-09 12:46:22,061 INFO {'event': 'admin_toggle_active', 'actor': 1, 'target': 5, 'is_active': 0}
2026-04-09 12:46:25,777 INFO {'event': 'admin_toggle_active', 'actor': 1, 'target': 5, 'is_active': 1}
2026-04-09 12:46:27,074 INFO {'event': 'admin_toggle_role', 'actor': 1, 'target': 5, 'is_admin': 0}
2026-04-09 12:57:44,081 INFO {'event': 'register_success', 'user_id': 1, 'username': 'testuser'}
2026-04-09 12:57:44,333 INFO {'event': 'register_success', 'user_id': 1, 'username': 'testuser'}
2026-04-09 12:57:44,398 INFO {'event': 'single_prediction', 'user_id': 1, 'prediction': 'At Risk', 'confidence': 69.0}
2026-04-09 12:57:44,572 INFO {'event': 'register_success', 'user_id': 1, 'username': 'testuser'}
2026-04-09 12:57:44,771 INFO {'event': 'register_success', 'user_id': 1, 'username': 'testuser'}
2026-04-09 12:57:44,969 INFO {'event': 'register_success', 'user_id': 1, 'username': 'testuser'}
2026-04-09 12:57:45,183 INFO {'event': 'register_success', 'user_id': 1, 'username': 'alice'}
2026-04-09 12:57:45,191 INFO {'event': 'logout', 'user_id': 1}
2026-04-09 12:57:45,567 INFO {'event': 'register_success', 'user_id': 1, 'username': 'bob'}
2026-04-09 12:57:45,591 INFO {'event': 'logout', 'user_id': 1}
2026-04-09 12:57:45,941 INFO {'event': 'register_success', 'user_id': 1, 'username': 'bootstrapadmin'}
2026-04-09 12:57:45,951 INFO {'event': 'logout', 'user_id': 1}
2026-04-09 12:57:46,119 INFO {'event': 'register_success', 'user_id': 2, 'username': 'plainuser'}
2026-04-09 12:57:46,131 INFO {'event': 'logout', 'user_id': 2}
2026-04-09 12:57:46,475 INFO {'event': 'register_success', 'user_id': 1, 'username': 'testuser'}
2026-04-09 12:57:46,517 INFO {'event': 'single_prediction', 'user_id': 1, 'prediction': 'Pass', 'confidence': 100.0}
2026-04-09 12:57:46,822 INFO {'event': 'register_success', 'user_id': 1, 'username': 'testuser'}
2026-04-09 12:57:47,037 INFO {'event': 'register_success', 'user_id': 1, 'username': 'adminuser'}
2026-04-09 12:57:47,043 INFO {'event': 'logout', 'user_id': 1}
2026-04-09 12:57:47,233 INFO {'event': 'login_success', 'user_id': 1, 'username': 'adminuser'}
2026-04-09 12:57:47,442 INFO {'event': 'register_success', 'user_id': 1, 'username': 'adminuser2'}
2026-04-09 12:57:47,671 INFO {'event': 'register_success', 'user_id': 1, 'username': 'apikeyuser'}
2026-04-09 12:57:47,715 INFO {'event': 'api_prediction', 'user_id': 1, 'prediction': 'At Risk', 'confidence': 69.0}
2026-04-09 13:00:31,715 INFO {'event': 'logout', 'user_id': 1}
2026-04-09 13:00:44,701 INFO {'event': 'login_success', 'user_id': 1, 'username': 'Melvin'}
2026-04-09 13:01:24,231 INFO {'event': 'logout', 'user_id': 1}
2026-04-09 13:01:50,586 INFO {'event': 'login_success', 'user_id': 5, 'username': 'Melvoh'}
2026-04-09 13:02:14,239 INFO {'event': 'logout', 'user_id': 5}
2026-04-09 13:02:23,035 INFO {'event': 'login_success', 'user_id': 1, 'username': 'Melvin'}
2026-04-09 13:08:09,109 INFO {'event': 'logout', 'user_id': 1}
2026-04-09 13:08:34,703 INFO {'event': 'login_success', 'user_id': 1, 'username': 'Melvin'}
2026-04-09 13:09:02,697 INFO {'event': 'logout', 'user_id': 1}
2026-04-09 13:09:10,057 INFO {'event': 'login_success', 'user_id': 1, 'username': 'Melvin'}
2026-04-09 13:12:33,282 INFO {'event': 'logout', 'user_id': 1}
2026-04-09 13:13:09,432 INFO {'event': 'login_success', 'user_id': 1, 'username': 'Melvin'}
2026-04-09 13:15:08,008 INFO {'event': 'logout', 'user_id': 1}
2026-04-09 13:15:17,369 INFO {'event': 'login_success', 'user_id': 1, 'username': 'Melvin'}
2026-04-22 13:16:42,031 INFO {'event': 'register_success', 'user_id': 6, 'username': 'Kegode'}
